INFO | 03/15/2020 12:46:16 AM RawText object initialized using text starting with "sadgs..."
INFO | 03/15/2020 12:46:16 AM Cleaning text at level "50"
INFO | 03/15/2020 12:46:16 AM CleanedText object initialized using "50" as cleaning level
INFO | 03/15/2020 12:46:16 AM Cleaning up useless attributes to free memory
INFO | 03/15/2020 12:46:16 AM Counting words occurrences
INFO | 03/15/2020 12:46:16 AM Calculating words frequencies with occurrences normalized
INFO | 03/15/2020 12:46:16 AM AbstractText object initialized
INFO | 03/15/2020 12:46:16 AM Cleaning up useless attributes to free memory
INFO | 03/15/2020 12:46:16 AM RawText object initialized using text starting with "sadgs..."
INFO | 03/15/2020 12:46:16 AM Cleaning text at level "50"
INFO | 03/15/2020 12:46:16 AM CleanedText object initialized using "50" as cleaning level
INFO | 03/15/2020 12:46:16 AM Cleaning up useless attributes to free memory
INFO | 03/15/2020 12:46:16 AM Counting words occurrences
INFO | 03/15/2020 12:46:16 AM Calculating words frequencies with occurrences normalized
INFO | 03/15/2020 12:46:16 AM AbstractText object initialized
INFO | 03/15/2020 12:46:16 AM Cleaning up useless attributes to free memory
INFO | 03/15/2020 12:46:17 AM RawText object initialized using text starting with "sadgs..."
INFO | 03/15/2020 12:46:17 AM Cleaning text at level "50"
INFO | 03/15/2020 12:46:17 AM CleanedText object initialized using "50" as cleaning level
INFO | 03/15/2020 12:46:17 AM Cleaning up useless attributes to free memory
INFO | 03/15/2020 12:46:17 AM Counting words occurrences
INFO | 03/15/2020 12:46:17 AM Calculating words frequencies with occurrences normalized
INFO | 03/15/2020 12:46:17 AM AbstractText object initialized
INFO | 03/15/2020 12:46:17 AM Cleaning up useless attributes to free memory
INFO | 03/15/2020 12:46:17 AM RawText object initialized using text starting with "sadgs..."
INFO | 03/15/2020 12:46:17 AM Cleaning text at level "50"
INFO | 03/15/2020 12:46:17 AM CleanedText object initialized using "50" as cleaning level
INFO | 03/15/2020 12:46:17 AM Cleaning up useless attributes to free memory
INFO | 03/15/2020 12:46:17 AM Counting words occurrences
INFO | 03/15/2020 12:46:17 AM Calculating words frequencies with occurrences normalized
INFO | 03/15/2020 12:46:17 AM AbstractText object initialized
INFO | 03/15/2020 12:46:17 AM Cleaning up useless attributes to free memory
INFO | 03/15/2020 12:46:17 AM RawText object initialized using text starting with "sadgs..."
INFO | 03/15/2020 12:46:17 AM Cleaning text at level "50"
INFO | 03/15/2020 12:46:17 AM CleanedText object initialized using "50" as cleaning level
INFO | 03/15/2020 12:46:17 AM Cleaning up useless attributes to free memory
INFO | 03/15/2020 12:46:17 AM Counting words occurrences
INFO | 03/15/2020 12:46:17 AM Calculating words frequencies with occurrences normalized
INFO | 03/15/2020 12:46:17 AM AbstractText object initialized
INFO | 03/15/2020 12:46:17 AM Cleaning up useless attributes to free memory
INFO | 03/15/2020 12:46:17 AM RawText object initialized using text starting with "sadgs..."
INFO | 03/15/2020 12:46:17 AM Cleaning text at level "50"
INFO | 03/15/2020 12:46:17 AM CleanedText object initialized using "50" as cleaning level
INFO | 03/15/2020 12:46:17 AM Cleaning up useless attributes to free memory
INFO | 03/15/2020 12:46:17 AM Counting words occurrences
INFO | 03/15/2020 12:46:17 AM Calculating words frequencies with occurrences normalized
INFO | 03/15/2020 12:46:17 AM AbstractText object initialized
INFO | 03/15/2020 12:46:17 AM Cleaning up useless attributes to free memory
